<?xml version="1.0" encoding="UTF-8"?>
<!-- Generated by org.testng.reporters.JUnitReportReporter -->
<testsuite hostname="AjayBasireddy" failures="0" tests="4" name="com.OrangeHrmApplicationLoginPage.OrangeHrmApplicationLoginfunctionality" time="10.606" errors="0" timestamp="2024-02-14T07:42:05 IST" skipped="0">
  <testcase classname="com.OrangeHrmApplicationLoginPage.OrangeHrmApplicationLoginfunctionality" name="logInPageTest" time="0.127"/>
  <testcase classname="com.OrangeHrmApplicationLoginPage.OrangeHrmApplicationLoginfunctionality" name="logInTest" time="3.980"/>
  <testcase classname="com.OrangeHrmApplicationLoginPage.OrangeHrmApplicationLoginfunctionality" name="homePageTest" time="0.372"/>
  <testcase classname="com.OrangeHrmApplicationLoginPage.OrangeHrmApplicationLoginfunctionality" name="logOutTest" time="6.127"/>
</testsuite> <!-- com.OrangeHrmApplicationLoginPage.OrangeHrmApplicationLoginfunctionality -->
